e:\projectsvs\oaip_project\debug\vc142.pdb
e:\projectsvs\oaip_project\debug\.netframework,version=v4.8.assemblyattributes.obj
e:\projectsvs\oaip_project\debug\themes.obj
e:\projectsvs\oaip_project\debug\registrationform.obj
e:\projectsvs\oaip_project\debug\mainform.obj
e:\projectsvs\oaip_project\debug\loginform.obj
e:\projectsvs\oaip_project\debug\forgotpassword.obj
e:\projectsvs\oaip_project\debug\adminmain.obj
e:\projectsvs\oaip_project\debug\quest.obj
e:\projectsvs\oaip_project\debug\oaip_project.exe
e:\projectsvs\oaip_project\debug\oaip_project.pdb
e:\projectsvs\oaip_project\debug\oaip_project.tlog\metagen.write.1.tlog
e:\projectsvs\oaip_project\debug\oaipproject.loginform.resources
e:\projectsvs\oaip_project\debug\oaipproject.mainform.resources
e:\projectsvs\oaip_project\debug\oaipproject.registrationform.resources
e:\projectsvs\oaip_project\debug\oaipproject.forgotpassword.resources
e:\projectsvs\oaip_project\debug\oaipproject.adminmain.resources
e:\projectsvs\oaip_project\debug\bunifu_ui_v1.52.dll
e:\projectsvs\oaip_project\debug\guna.ui.dll
e:\projectsvs\oaip_project\debug\sqlite.designer.dll
e:\projectsvs\oaip_project\debug\system.data.sqlite.dll
e:\projectsvs\oaip_project\debug\system.data.sqlite.linq.dll
e:\projectsvs\oaip_project\debug\xanderui.dll
e:\projectsvs\oaip_project\debug\microsoft.visualstudio.shell.interop.dll
e:\projectsvs\oaip_project\debug\microsoft.visualstudio.ole.interop.dll
e:\projectsvs\oaip_project\debug\envdte.dll
e:\projectsvs\oaip_project\debug\microsoft.visualstudio.textmanager.interop.dll
e:\projectsvs\oaip_project\debug\stdole.dll
e:\projectsvs\oaip_project\debug\oaip_project.res
e:\projectsvs\oaip_project\debug\oaip_project.exe.metagen
e:\projectsvs\oaip_project\debug\oaip_project.tlog\cl.command.1.tlog
e:\projectsvs\oaip_project\debug\oaip_project.tlog\cl.read.1.tlog
e:\projectsvs\oaip_project\debug\oaip_project.tlog\cl.write.1.tlog
e:\projectsvs\oaip_project\debug\oaip_project.tlog\link.command.1.tlog
e:\projectsvs\oaip_project\debug\oaip_project.tlog\link.read.1.tlog
e:\projectsvs\oaip_project\debug\oaip_project.tlog\link.write.1.tlog
e:\projectsvs\oaip_project\debug\oaip_project.tlog\metagen.read.1.tlog
e:\projectsvs\oaip_project\debug\oaip_project.tlog\oaip_project.read.1u.tlog
e:\projectsvs\oaip_project\debug\oaip_project.tlog\oaip_project.write.1u.tlog
e:\projectsvs\oaip_project\debug\oaip_project.tlog\rc.command.1.tlog
e:\projectsvs\oaip_project\debug\oaip_project.tlog\rc.read.1.tlog
e:\projectsvs\oaip_project\debug\oaip_project.tlog\rc.write.1.tlog
e:\projectsvs\oaip_project\debug\oaip_project.tlog\bunifu_ui_v1.52.dll.metagen
e:\projectsvs\oaip_project\debug\oaip_project.tlog\guna.ui.dll.metagen
e:\projectsvs\oaip_project\debug\oaip_project.tlog\system.data.sqlite.dll.metagen
e:\projectsvs\oaip_project\debug\oaip_project.tlog\system.data.sqlite.linq.dll.metagen
e:\projectsvs\oaip_project\debug\oaip_project.tlog\xanderui.dll.metagen
