e:\projectsvs\oaip_project\release\vc142.pdb
e:\projectsvs\oaip_project\release\.netframework,version=v4.8.assemblyattributes.obj
e:\projectsvs\oaip_project\release\themes.obj
e:\projectsvs\oaip_project\release\registrationform.obj
e:\projectsvs\oaip_project\release\quest.obj
e:\projectsvs\oaip_project\release\mainform.obj
e:\projectsvs\oaip_project\release\loginform.obj
e:\projectsvs\oaip_project\release\forgotpassword.obj
e:\projectsvs\oaip_project\release\adminmain.obj
e:\projectsvs\oaip_project\release\oaip_project.exe
e:\projectsvs\oaip_project\release\oaip_project.pdb
e:\projectsvs\oaip_project\release\oaip_project.tlog\metagen.write.1.tlog
e:\projectsvs\oaip_project\release\bunifu_ui_v1.52.dll
e:\projectsvs\oaip_project\release\guna.ui.dll
e:\projectsvs\oaip_project\release\sqlite.designer.dll
e:\projectsvs\oaip_project\release\system.data.sqlite.dll
e:\projectsvs\oaip_project\release\system.data.sqlite.linq.dll
e:\projectsvs\oaip_project\release\xanderui.dll
e:\projectsvs\oaip_project\release\microsoft.visualstudio.shell.interop.dll
e:\projectsvs\oaip_project\release\microsoft.visualstudio.ole.interop.dll
e:\projectsvs\oaip_project\release\envdte.dll
e:\projectsvs\oaip_project\release\microsoft.visualstudio.textmanager.interop.dll
e:\projectsvs\oaip_project\release\stdole.dll
e:\projectsvs\oaip_project\release\oaipproject.adminmain.resources
e:\projectsvs\oaip_project\release\oaipproject.forgotpassword.resources
e:\projectsvs\oaip_project\release\oaipproject.loginform.resources
e:\projectsvs\oaip_project\release\oaipproject.mainform.resources
e:\projectsvs\oaip_project\release\oaipproject.registrationform.resources
e:\projectsvs\oaip_project\release\oaip_project.res
e:\projectsvs\oaip_project\release\oaip_project.vcxprojassemblyreference.cache
e:\projectsvs\oaip_project\release\oaip_project.exe.metagen
e:\projectsvs\oaip_project\release\oaip_project.tlog\cl.command.1.tlog
e:\projectsvs\oaip_project\release\oaip_project.tlog\cl.read.1.tlog
e:\projectsvs\oaip_project\release\oaip_project.tlog\cl.write.1.tlog
e:\projectsvs\oaip_project\release\oaip_project.tlog\link.command.1.tlog
e:\projectsvs\oaip_project\release\oaip_project.tlog\link.read.1.tlog
e:\projectsvs\oaip_project\release\oaip_project.tlog\link.write.1.tlog
e:\projectsvs\oaip_project\release\oaip_project.tlog\metagen.read.1.tlog
e:\projectsvs\oaip_project\release\oaip_project.tlog\oaip_project.read.1u.tlog
e:\projectsvs\oaip_project\release\oaip_project.tlog\oaip_project.write.1u.tlog
e:\projectsvs\oaip_project\release\oaip_project.tlog\rc.command.1.tlog
e:\projectsvs\oaip_project\release\oaip_project.tlog\rc.read.1.tlog
e:\projectsvs\oaip_project\release\oaip_project.tlog\rc.write.1.tlog
e:\projectsvs\oaip_project\release\oaip_project.tlog\bunifu_ui_v1.52.dll.metagen
e:\projectsvs\oaip_project\release\oaip_project.tlog\guna.ui.dll.metagen
e:\projectsvs\oaip_project\release\oaip_project.tlog\system.data.sqlite.dll.metagen
e:\projectsvs\oaip_project\release\oaip_project.tlog\system.data.sqlite.linq.dll.metagen
e:\projectsvs\oaip_project\release\oaip_project.tlog\xanderui.dll.metagen
